android/app/build/intermediates/manifest_merge_blame_file/debug/manifest-merger-blame-debug-report.txt
1<?xml version="1.0" encoding="utf-8"?>
2<manifest xmlns:android="http://schemas.android.com/apk/res/android"
3    package="com.livelike.demo"
4    android:versionCode="1"
5    android:versionName="1.0.0" >
6
7    <uses-sdk
8        android:minSdkVersion="21"
9        android:targetSdkVersion="30" />
10
11    <uses-permission android:name="android.permission.SYSTEM_ALERT_WINDOW" />
11-->src/main/AndroidManifest.xml:4:3-75
11-->src/main/AndroidManifest.xml:4:20-73
12    <uses-permission android:name="android.permission.INTERNET" />
12-->src/main/AndroidManifest.xml:2:3-64
12-->src/main/AndroidManifest.xml:2:20-62
13    <uses-permission android:name="android.permission.READ_EXTERNAL_STORAGE" />
13-->src/main/AndroidManifest.xml:3:3-77
13-->src/main/AndroidManifest.xml:3:20-75
14    <uses-permission android:name="android.permission.VIBRATE" />
14-->src/main/AndroidManifest.xml:5:3-63
14-->src/main/AndroidManifest.xml:5:20-61
15    <uses-permission android:name="android.permission.WRITE_EXTERNAL_STORAGE" />
15-->src/main/AndroidManifest.xml:6:3-78
15-->src/main/AndroidManifest.xml:6:20-76
16
17    <queries>
17-->src/main/AndroidManifest.xml:7:3-13:13
18        <intent>
18-->src/main/AndroidManifest.xml:8:5-12:14
19            <action android:name="android.intent.action.VIEW" />
19-->src/main/AndroidManifest.xml:9:7-58
19-->src/main/AndroidManifest.xml:9:15-56
20
21            <category android:name="android.intent.category.BROWSABLE" />
21-->src/main/AndroidManifest.xml:10:7-67
21-->src/main/AndroidManifest.xml:10:17-65
22
23            <data android:scheme="https" />
23-->src/main/AndroidManifest.xml:11:7-37
23-->src/main/AndroidManifest.xml:11:13-35
24        </intent>
25        <!-- Query open documents -->
26        <intent>
26-->[:expo-file-system] AndroidManifest.xml:19:9-21:18
27            <action android:name="android.intent.action.OPEN_DOCUMENT_TREE" />
27-->[:expo-file-system] AndroidManifest.xml:20:13-79
27-->[:expo-file-system] AndroidManifest.xml:20:21-76
28        </intent>
29    </queries>
30
31    <uses-permission android:name="android.permission.ACCESS_NETWORK_STATE" />
31-->[com.livelike:android-engagement-sdk:2.29] AndroidManifest.xml:12:5-79
31-->[com.livelike:android-engagement-sdk:2.29] AndroidManifest.xml:12:22-76
32    <uses-permission android:name="android.permission.ACCESS_WIFI_STATE" />
32-->[com.facebook.flipper:flipper:0.54.0] AndroidManifest.xml:16:5-76
32-->[com.facebook.flipper:flipper:0.54.0] AndroidManifest.xml:16:22-73
33    <uses-permission android:name="com.google.android.finsky.permission.BIND_GET_INSTALL_REFERRER_SERVICE" />
33-->[com.android.installreferrer:installreferrer:1.0] AndroidManifest.xml:9:5-110
33-->[com.android.installreferrer:installreferrer:1.0] AndroidManifest.xml:9:22-107
34
35    <application
35-->src/main/AndroidManifest.xml:14:3-40:17
36        android:name="com.livelike.demo.MainApplication"
36-->src/main/AndroidManifest.xml:14:16-47
37        android:allowBackup="true"
37-->src/main/AndroidManifest.xml:14:162-188
38        android:appComponentFactory="androidx.core.app.CoreComponentFactory"
38-->[androidx.core:core:1.3.2] AndroidManifest.xml:24:18-86
39        android:debuggable="true"
40        android:icon="@mipmap/ic_launcher"
40-->src/main/AndroidManifest.xml:14:81-115
41        android:label="@string/app_name"
41-->src/main/AndroidManifest.xml:14:48-80
42        android:roundIcon="@mipmap/ic_launcher_round"
42-->src/main/AndroidManifest.xml:14:116-161
43        android:theme="@style/AppTheme"
43-->src/main/AndroidManifest.xml:14:189-220
44        android:usesCleartextTraffic="true" >
44-->src/main/AndroidManifest.xml:14:221-256
45        <meta-data
45-->src/main/AndroidManifest.xml:15:5-82
46            android:name="expo.modules.updates.ENABLED"
46-->src/main/AndroidManifest.xml:15:16-59
47            android:value="true" />
47-->src/main/AndroidManifest.xml:15:60-80
48        <meta-data
48-->src/main/AndroidManifest.xml:16:5-93
49            android:name="expo.modules.updates.EXPO_SDK_VERSION"
49-->src/main/AndroidManifest.xml:16:16-68
50            android:value="44.0.0" />
50-->src/main/AndroidManifest.xml:16:69-91
51        <meta-data
51-->src/main/AndroidManifest.xml:17:5-105
52            android:name="expo.modules.updates.EXPO_UPDATES_CHECK_ON_LAUNCH"
52-->src/main/AndroidManifest.xml:17:16-80
53            android:value="ALWAYS" />
53-->src/main/AndroidManifest.xml:17:81-103
54        <meta-data
54-->src/main/AndroidManifest.xml:18:5-99
55            android:name="expo.modules.updates.EXPO_UPDATES_LAUNCH_WAIT_MS"
55-->src/main/AndroidManifest.xml:18:16-79
56            android:value="0" />
56-->src/main/AndroidManifest.xml:18:80-97
57        <meta-data
57-->src/main/AndroidManifest.xml:19:5-21:65
58            android:name="com.google.android.gms.ads.APPLICATION_ID"
58-->src/main/AndroidManifest.xml:20:9-65
59            android:value="ca-app-pub-3940256099942544/3419835294" />
59-->src/main/AndroidManifest.xml:21:9-63
60        <meta-data
60-->src/main/AndroidManifest.xml:22:5-24:31
61            android:name="com.google.android.gms.ads.AD_MANAGER_APP"
61-->src/main/AndroidManifest.xml:23:9-65
62            android:value="true" />
62-->src/main/AndroidManifest.xml:24:9-29
63
64        <activity
64-->src/main/AndroidManifest.xml:25:5-36:16
65            android:name="com.livelike.demo.MainActivity"
65-->src/main/AndroidManifest.xml:25:15-43
66            android:configChanges="keyboard|keyboardHidden|orientation|screenSize|uiMode"
66-->src/main/AndroidManifest.xml:25:77-154
67            android:label="@string/app_name"
67-->src/main/AndroidManifest.xml:25:44-76
68            android:launchMode="singleTask"
68-->src/main/AndroidManifest.xml:25:155-186
69            android:screenOrientation="portrait"
69-->src/main/AndroidManifest.xml:25:276-312
70            android:theme="@style/Theme.App.SplashScreen"
70-->src/main/AndroidManifest.xml:25:230-275
71            android:windowSoftInputMode="adjustResize" >
71-->src/main/AndroidManifest.xml:25:187-229
72            <intent-filter>
72-->src/main/AndroidManifest.xml:26:7-29:23
73                <action android:name="android.intent.action.MAIN" />
73-->src/main/AndroidManifest.xml:27:9-60
73-->src/main/AndroidManifest.xml:27:17-58
74
75                <category android:name="android.intent.category.LAUNCHER" />
75-->src/main/AndroidManifest.xml:28:9-68
75-->src/main/AndroidManifest.xml:28:19-66
76            </intent-filter>
77            <intent-filter>
77-->src/main/AndroidManifest.xml:30:7-35:23
78                <action android:name="android.intent.action.VIEW" />
78-->src/main/AndroidManifest.xml:9:7-58
78-->src/main/AndroidManifest.xml:9:15-56
79
80                <category android:name="android.intent.category.DEFAULT" />
80-->src/main/AndroidManifest.xml:32:9-67
80-->src/main/AndroidManifest.xml:32:19-65
81                <category android:name="android.intent.category.BROWSABLE" />
81-->src/main/AndroidManifest.xml:10:7-67
81-->src/main/AndroidManifest.xml:10:17-65
82
83                <data android:scheme="com.livelike.demo" />
83-->src/main/AndroidManifest.xml:11:7-37
83-->src/main/AndroidManifest.xml:11:13-35
84            </intent-filter>
85        </activity>
86        <activity android:name="com.facebook.react.devsupport.DevSettingsActivity" />
86-->src/main/AndroidManifest.xml:39:5-81
86-->src/main/AndroidManifest.xml:39:15-79
87
88        <provider
88-->[:expo-file-system] AndroidManifest.xml:25:9-34:20
89            android:name="expo.modules.filesystem.FileSystemFileProvider"
89-->[:expo-file-system] AndroidManifest.xml:26:13-74
90            android:authorities="com.livelike.demo.FileSystemFileProvider"
90-->[:expo-file-system] AndroidManifest.xml:27:13-74
91            android:exported="false"
91-->[:expo-file-system] AndroidManifest.xml:28:13-37
92            android:grantUriPermissions="true" >
92-->[:expo-file-system] AndroidManifest.xml:29:13-47
93            <meta-data
93-->[:expo-file-system] AndroidManifest.xml:31:13-33:70
94                android:name="android.support.FILE_PROVIDER_PATHS"
94-->[:expo-file-system] AndroidManifest.xml:32:17-67
95                android:resource="@xml/file_system_provider_paths" />
95-->[:expo-file-system] AndroidManifest.xml:33:17-67
96        </provider>
97
98        <meta-data
98-->[:expo-modules-core] AndroidManifest.xml:12:9-14:89
99            android:name="org.unimodules.core.AppLoader#react-native-headless"
99-->[:expo-modules-core] AndroidManifest.xml:13:13-79
100            android:value="expo.modules.adapters.react.apploader.RNHeadlessAppLoader" />
100-->[:expo-modules-core] AndroidManifest.xml:14:13-86
101
102        <provider
102-->[androidx.lifecycle:lifecycle-process:2.0.0] AndroidManifest.xml:23:9-27:43
103            android:name="androidx.lifecycle.ProcessLifecycleOwnerInitializer"
103-->[androidx.lifecycle:lifecycle-process:2.0.0] AndroidManifest.xml:24:13-79
104            android:authorities="com.livelike.demo.lifecycle-process"
104-->[androidx.lifecycle:lifecycle-process:2.0.0] AndroidManifest.xml:25:13-69
105            android:exported="false"
105-->[androidx.lifecycle:lifecycle-process:2.0.0] AndroidManifest.xml:26:13-37
106            android:multiprocess="true" />
106-->[androidx.lifecycle:lifecycle-process:2.0.0] AndroidManifest.xml:27:13-40
107        <!--
108             The Mixpanel library will automatically attempt to show available in
109             app notifications every time a new Activity is displayed. To disable this behavior,
110             add the following line. The default value for this option is set to true.
111        -->
112        <!--
113        <meta-data android:name="com.mixpanel.android.MPConfig.AutoShowMixpanelUpdates"
114            android:value="false" />
115        -->
116        <!--
117             Set this option to true if you wish for in-app notifications to be displayed without
118             being tracked by Mixpanel. This is useful for testing the integration with your Android app.
119             The default value is false.
120        -->
121        <!--
122        <meta-data android:name="com.mixpanel.android.MPConfig.TestMode"
123            android:value="true" />
124        -->
125        <!--
126             Set the following option to true if you wish to see the debug output from the Mixpanel Android
127             library. This may be useful in determining when track calls go out or in-app notifications
128             are fetched. The default value is false.
129        -->
130        <!--
131        <meta-data android:name="com.mixpanel.android.MPConfig.EnableDebugLogging"
132            android:value="true" />
133        -->
134        <!--
135             This activity allows your application to show Mixpanel takeover in-app notifications.
136             If you only wish to show mini in-app notifications, you do not need to declare this Activity.
137             You may also specify a different theme to better fit the look and feel of your application.
138        -->
139        <!--
140        <activity android:name="com.mixpanel.android.takeoverinapp.TakeoverInAppActivity"
141                  android:theme="@style/com_mixpanel_android_TakeoverInAppActivityTheme" />
142        -->
143        <!-- This service will allow your application to register for and receive Mixpanel push notifications. -->
144        <!--
145        <service
146            android:name="com.mixpanel.android.mpmetrics.MixpanelFCMMessagingService"
147            android:enabled="true"
148            android:exported="false">
149            <intent-filter>
150                <action android:name="com.google.firebase.MESSAGING_EVENT"/>
151            </intent-filter>
152        </service>
153        -->
154        <!-- This activity will allow your application to make tracking calls to the MixpanelAPI for notification interactions -->
155        <activity android:name="com.mixpanel.android.mpmetrics.MixpanelNotificationRouteActivity" >
155-->[com.mixpanel.android:mixpanel-android:5.8.7] AndroidManifest.xml:75:9-76:20
155-->[com.mixpanel.android:mixpanel-android:5.8.7] AndroidManifest.xml:75:19-98
156        </activity>
157
158        <receiver android:name="com.mixpanel.android.mpmetrics.MixpanelPushNotificationDismissedReceiver" >
158-->[com.mixpanel.android:mixpanel-android:5.8.7] AndroidManifest.xml:78:9-79:20
158-->[com.mixpanel.android:mixpanel-android:5.8.7] AndroidManifest.xml:78:19-106
159        </receiver>
160    </application>
161
162</manifest>